<?xml version="1.0" encoding="UTF-8"?>
<robot generator="Robot 6.1.1 (Python 3.12.0 on linux)" generated="20231120 19:11:38.258" rpa="false" schemaversion="4">
<suite id="s1" name="Tests" source="/home/emmlund/ohtu-s23-palautusrepositorio/viikko3/login-robot/src/tests">
<suite id="s1-s1" name="Login" source="/home/emmlund/ohtu-s23-palautusrepositorio/viikko3/login-robot/src/tests/login.robot">
<test id="s1-s1-t1" name="Login With Correct Credentials" line="6">
<kw name="Create User And Input Login Command" type="SETUP">
<kw name="Create User" library="AppLibrary">
<arg>kalle</arg>
<arg>kalle123</arg>
<status status="PASS" starttime="20231120 19:11:38.281" endtime="20231120 19:11:38.281"/>
</kw>
<kw name="Input Login Command" library="resource">
<kw name="Input" library="AppLibrary">
<arg>login</arg>
<status status="PASS" starttime="20231120 19:11:38.281" endtime="20231120 19:11:38.281"/>
</kw>
<status status="PASS" starttime="20231120 19:11:38.281" endtime="20231120 19:11:38.281"/>
</kw>
<status status="PASS" starttime="20231120 19:11:38.281" endtime="20231120 19:11:38.281"/>
</kw>
<kw name="Input Credentials" library="resource">
<arg>kalle</arg>
<arg>kalle123</arg>
<kw name="Input" library="AppLibrary">
<arg>${username}</arg>
<status status="PASS" starttime="20231120 19:11:38.282" endtime="20231120 19:11:38.282"/>
</kw>
<kw name="Input" library="AppLibrary">
<arg>${password}</arg>
<status status="PASS" starttime="20231120 19:11:38.282" endtime="20231120 19:11:38.282"/>
</kw>
<kw name="Run Application" library="AppLibrary">
<status status="PASS" starttime="20231120 19:11:38.282" endtime="20231120 19:11:38.282"/>
</kw>
<status status="PASS" starttime="20231120 19:11:38.282" endtime="20231120 19:11:38.282"/>
</kw>
<kw name="Output Should Contain" library="AppLibrary">
<arg>Logged in</arg>
<status status="PASS" starttime="20231120 19:11:38.282" endtime="20231120 19:11:38.283"/>
</kw>
<status status="PASS" starttime="20231120 19:11:38.280" endtime="20231120 19:11:38.283"/>
</test>
<test id="s1-s1-t2" name="Login With Incorrect Password" line="10">
<kw name="Create User And Input Login Command" type="SETUP">
<kw name="Create User" library="AppLibrary">
<arg>kalle</arg>
<arg>kalle123</arg>
<status status="PASS" starttime="20231120 19:11:38.283" endtime="20231120 19:11:38.284"/>
</kw>
<kw name="Input Login Command" library="resource">
<kw name="Input" library="AppLibrary">
<arg>login</arg>
<status status="PASS" starttime="20231120 19:11:38.284" endtime="20231120 19:11:38.284"/>
</kw>
<status status="PASS" starttime="20231120 19:11:38.284" endtime="20231120 19:11:38.284"/>
</kw>
<status status="PASS" starttime="20231120 19:11:38.283" endtime="20231120 19:11:38.284"/>
</kw>
<kw name="Input Credentials" library="resource">
<arg>kalle</arg>
<arg>123</arg>
<kw name="Input" library="AppLibrary">
<arg>${username}</arg>
<status status="PASS" starttime="20231120 19:11:38.284" endtime="20231120 19:11:38.284"/>
</kw>
<kw name="Input" library="AppLibrary">
<arg>${password}</arg>
<status status="PASS" starttime="20231120 19:11:38.284" endtime="20231120 19:11:38.285"/>
</kw>
<kw name="Run Application" library="AppLibrary">
<status status="PASS" starttime="20231120 19:11:38.285" endtime="20231120 19:11:38.285"/>
</kw>
<status status="PASS" starttime="20231120 19:11:38.284" endtime="20231120 19:11:38.285"/>
</kw>
<kw name="Output Should Contain" library="AppLibrary">
<arg>Invalid username or password</arg>
<status status="PASS" starttime="20231120 19:11:38.285" endtime="20231120 19:11:38.285"/>
</kw>
<status status="PASS" starttime="20231120 19:11:38.283" endtime="20231120 19:11:38.285"/>
</test>
<test id="s1-s1-t3" name="Login With Nonexistent Username" line="14">
<kw name="Create User And Input Login Command" type="SETUP">
<kw name="Create User" library="AppLibrary">
<arg>kalle</arg>
<arg>kalle123</arg>
<status status="PASS" starttime="20231120 19:11:38.286" endtime="20231120 19:11:38.286"/>
</kw>
<kw name="Input Login Command" library="resource">
<kw name="Input" library="AppLibrary">
<arg>login</arg>
<status status="PASS" starttime="20231120 19:11:38.286" endtime="20231120 19:11:38.286"/>
</kw>
<status status="PASS" starttime="20231120 19:11:38.286" endtime="20231120 19:11:38.286"/>
</kw>
<status status="PASS" starttime="20231120 19:11:38.286" endtime="20231120 19:11:38.286"/>
</kw>
<kw name="Input Credentials" library="resource">
<arg>123</arg>
<arg>kalle123</arg>
<kw name="Input" library="AppLibrary">
<arg>${username}</arg>
<status status="PASS" starttime="20231120 19:11:38.287" endtime="20231120 19:11:38.287"/>
</kw>
<kw name="Input" library="AppLibrary">
<arg>${password}</arg>
<status status="PASS" starttime="20231120 19:11:38.287" endtime="20231120 19:11:38.287"/>
</kw>
<kw name="Run Application" library="AppLibrary">
<status status="PASS" starttime="20231120 19:11:38.287" endtime="20231120 19:11:38.287"/>
</kw>
<status status="PASS" starttime="20231120 19:11:38.286" endtime="20231120 19:11:38.287"/>
</kw>
<kw name="Output Should Contain" library="AppLibrary">
<arg>Invalid username or password</arg>
<status status="PASS" starttime="20231120 19:11:38.287" endtime="20231120 19:11:38.287"/>
</kw>
<status status="PASS" starttime="20231120 19:11:38.285" endtime="20231120 19:11:38.287"/>
</test>
<status status="PASS" starttime="20231120 19:11:38.275" endtime="20231120 19:11:38.288"/>
</suite>
<suite id="s1-s2" name="Register" source="/home/emmlund/ohtu-s23-palautusrepositorio/viikko3/login-robot/src/tests/register.robot">
<test id="s1-s2-t1" name="Register With Valid Username And Password" line="7">
<kw name="Input New Command And Create User" type="SETUP">
<kw name="Create User" library="AppLibrary">
<arg>kalle</arg>
<arg>kalle123</arg>
<status status="PASS" starttime="20231120 19:11:38.291" endtime="20231120 19:11:38.291"/>
</kw>
<kw name="Input New Command" library="resource">
<kw name="Input" library="AppLibrary">
<arg>new</arg>
<status status="PASS" starttime="20231120 19:11:38.291" endtime="20231120 19:11:38.292"/>
</kw>
<status status="PASS" starttime="20231120 19:11:38.291" endtime="20231120 19:11:38.292"/>
</kw>
<status status="PASS" starttime="20231120 19:11:38.291" endtime="20231120 19:11:38.292"/>
</kw>
<kw name="Input Credentials" library="resource">
<arg>kallee</arg>
<arg>kalle124</arg>
<kw name="Input" library="AppLibrary">
<arg>${username}</arg>
<status status="PASS" starttime="20231120 19:11:38.292" endtime="20231120 19:11:38.292"/>
</kw>
<kw name="Input" library="AppLibrary">
<arg>${password}</arg>
<status status="PASS" starttime="20231120 19:11:38.292" endtime="20231120 19:11:38.292"/>
</kw>
<kw name="Run Application" library="AppLibrary">
<status status="PASS" starttime="20231120 19:11:38.292" endtime="20231120 19:11:38.292"/>
</kw>
<status status="PASS" starttime="20231120 19:11:38.292" endtime="20231120 19:11:38.292"/>
</kw>
<kw name="Output Should Contain" library="AppLibrary">
<arg>New user registered</arg>
<status status="PASS" starttime="20231120 19:11:38.293" endtime="20231120 19:11:38.293"/>
</kw>
<status status="PASS" starttime="20231120 19:11:38.291" endtime="20231120 19:11:38.293"/>
</test>
<test id="s1-s2-t2" name="Register With Already Taken Username And Valid Password" line="11">
<kw name="Input New Command And Create User" type="SETUP">
<kw name="Create User" library="AppLibrary">
<arg>kalle</arg>
<arg>kalle123</arg>
<status status="PASS" starttime="20231120 19:11:38.294" endtime="20231120 19:11:38.294"/>
</kw>
<kw name="Input New Command" library="resource">
<kw name="Input" library="AppLibrary">
<arg>new</arg>
<status status="PASS" starttime="20231120 19:11:38.294" endtime="20231120 19:11:38.294"/>
</kw>
<status status="PASS" starttime="20231120 19:11:38.294" endtime="20231120 19:11:38.294"/>
</kw>
<status status="PASS" starttime="20231120 19:11:38.293" endtime="20231120 19:11:38.294"/>
</kw>
<kw name="Input Credentials" library="resource">
<arg>kalle</arg>
<arg>kalle123</arg>
<kw name="Input" library="AppLibrary">
<arg>${username}</arg>
<status status="PASS" starttime="20231120 19:11:38.294" endtime="20231120 19:11:38.295"/>
</kw>
<kw name="Input" library="AppLibrary">
<arg>${password}</arg>
<status status="PASS" starttime="20231120 19:11:38.295" endtime="20231120 19:11:38.295"/>
</kw>
<kw name="Run Application" library="AppLibrary">
<status status="PASS" starttime="20231120 19:11:38.295" endtime="20231120 19:11:38.295"/>
</kw>
<status status="PASS" starttime="20231120 19:11:38.294" endtime="20231120 19:11:38.295"/>
</kw>
<kw name="Output Should Contain" library="AppLibrary">
<arg>User with username kalle already exists</arg>
<status status="PASS" starttime="20231120 19:11:38.295" endtime="20231120 19:11:38.295"/>
</kw>
<status status="PASS" starttime="20231120 19:11:38.293" endtime="20231120 19:11:38.295"/>
</test>
<test id="s1-s2-t3" name="Register With Too Short Username And Valid Password" line="15">
<kw name="Input New Command And Create User" type="SETUP">
<kw name="Create User" library="AppLibrary">
<arg>kalle</arg>
<arg>kalle123</arg>
<status status="PASS" starttime="20231120 19:11:38.296" endtime="20231120 19:11:38.296"/>
</kw>
<kw name="Input New Command" library="resource">
<kw name="Input" library="AppLibrary">
<arg>new</arg>
<status status="PASS" starttime="20231120 19:11:38.296" endtime="20231120 19:11:38.296"/>
</kw>
<status status="PASS" starttime="20231120 19:11:38.296" endtime="20231120 19:11:38.297"/>
</kw>
<status status="PASS" starttime="20231120 19:11:38.296" endtime="20231120 19:11:38.297"/>
</kw>
<kw name="Input Credentials" library="resource">
<arg>ka</arg>
<arg>kalle123</arg>
<kw name="Input" library="AppLibrary">
<arg>${username}</arg>
<status status="PASS" starttime="20231120 19:11:38.297" endtime="20231120 19:11:38.297"/>
</kw>
<kw name="Input" library="AppLibrary">
<arg>${password}</arg>
<status status="PASS" starttime="20231120 19:11:38.297" endtime="20231120 19:11:38.297"/>
</kw>
<kw name="Run Application" library="AppLibrary">
<status status="PASS" starttime="20231120 19:11:38.297" endtime="20231120 19:11:38.297"/>
</kw>
<status status="PASS" starttime="20231120 19:11:38.297" endtime="20231120 19:11:38.297"/>
</kw>
<kw name="Output Should Contain" library="AppLibrary">
<arg>Username must be atleast 3 letters long</arg>
<status status="PASS" starttime="20231120 19:11:38.297" endtime="20231120 19:11:38.297"/>
</kw>
<status status="PASS" starttime="20231120 19:11:38.296" endtime="20231120 19:11:38.298"/>
</test>
<test id="s1-s2-t4" name="Register With Enough Long But Invalid Username And Valid Password" line="19">
<kw name="Input New Command And Create User" type="SETUP">
<kw name="Create User" library="AppLibrary">
<arg>kalle</arg>
<arg>kalle123</arg>
<status status="PASS" starttime="20231120 19:11:38.298" endtime="20231120 19:11:38.298"/>
</kw>
<kw name="Input New Command" library="resource">
<kw name="Input" library="AppLibrary">
<arg>new</arg>
<status status="PASS" starttime="20231120 19:11:38.298" endtime="20231120 19:11:38.299"/>
</kw>
<status status="PASS" starttime="20231120 19:11:38.298" endtime="20231120 19:11:38.299"/>
</kw>
<status status="PASS" starttime="20231120 19:11:38.298" endtime="20231120 19:11:38.299"/>
</kw>
<kw name="Input Credentials" library="resource">
<arg>kalle1</arg>
<arg>kalle123</arg>
<kw name="Input" library="AppLibrary">
<arg>${username}</arg>
<status status="PASS" starttime="20231120 19:11:38.299" endtime="20231120 19:11:38.299"/>
</kw>
<kw name="Input" library="AppLibrary">
<arg>${password}</arg>
<status status="PASS" starttime="20231120 19:11:38.299" endtime="20231120 19:11:38.299"/>
</kw>
<kw name="Run Application" library="AppLibrary">
<status status="PASS" starttime="20231120 19:11:38.299" endtime="20231120 19:11:38.300"/>
</kw>
<status status="PASS" starttime="20231120 19:11:38.299" endtime="20231120 19:11:38.300"/>
</kw>
<kw name="Output Should Contain" library="AppLibrary">
<arg>Username must be only letters a-z</arg>
<status status="PASS" starttime="20231120 19:11:38.300" endtime="20231120 19:11:38.300"/>
</kw>
<status status="PASS" starttime="20231120 19:11:38.298" endtime="20231120 19:11:38.300"/>
</test>
<test id="s1-s2-t5" name="Register With Valid Username And Too Short Password" line="23">
<kw name="Input New Command And Create User" type="SETUP">
<kw name="Create User" library="AppLibrary">
<arg>kalle</arg>
<arg>kalle123</arg>
<status status="PASS" starttime="20231120 19:11:38.301" endtime="20231120 19:11:38.301"/>
</kw>
<kw name="Input New Command" library="resource">
<kw name="Input" library="AppLibrary">
<arg>new</arg>
<status status="PASS" starttime="20231120 19:11:38.301" endtime="20231120 19:11:38.301"/>
</kw>
<status status="PASS" starttime="20231120 19:11:38.301" endtime="20231120 19:11:38.301"/>
</kw>
<status status="PASS" starttime="20231120 19:11:38.300" endtime="20231120 19:11:38.301"/>
</kw>
<kw name="Input Credentials" library="resource">
<arg>kallee</arg>
<arg>ka123</arg>
<kw name="Input" library="AppLibrary">
<arg>${username}</arg>
<status status="PASS" starttime="20231120 19:11:38.301" endtime="20231120 19:11:38.301"/>
</kw>
<kw name="Input" library="AppLibrary">
<arg>${password}</arg>
<status status="PASS" starttime="20231120 19:11:38.301" endtime="20231120 19:11:38.302"/>
</kw>
<kw name="Run Application" library="AppLibrary">
<status status="PASS" starttime="20231120 19:11:38.302" endtime="20231120 19:11:38.302"/>
</kw>
<status status="PASS" starttime="20231120 19:11:38.301" endtime="20231120 19:11:38.302"/>
</kw>
<kw name="Output Should Contain" library="AppLibrary">
<arg>Password must be atleast 8 characters long</arg>
<status status="PASS" starttime="20231120 19:11:38.302" endtime="20231120 19:11:38.302"/>
</kw>
<status status="PASS" starttime="20231120 19:11:38.300" endtime="20231120 19:11:38.302"/>
</test>
<test id="s1-s2-t6" name="Register With Valid Username And Long Enough Password Containing Only Letters" line="27">
<kw name="Input New Command And Create User" type="SETUP">
<kw name="Create User" library="AppLibrary">
<arg>kalle</arg>
<arg>kalle123</arg>
<status status="PASS" starttime="20231120 19:11:38.303" endtime="20231120 19:11:38.303"/>
</kw>
<kw name="Input New Command" library="resource">
<kw name="Input" library="AppLibrary">
<arg>new</arg>
<status status="PASS" starttime="20231120 19:11:38.303" endtime="20231120 19:11:38.303"/>
</kw>
<status status="PASS" starttime="20231120 19:11:38.303" endtime="20231120 19:11:38.303"/>
</kw>
<status status="PASS" starttime="20231120 19:11:38.302" endtime="20231120 19:11:38.303"/>
</kw>
<kw name="Input Credentials" library="resource">
<arg>kallee</arg>
<arg>kalleyksi</arg>
<kw name="Input" library="AppLibrary">
<arg>${username}</arg>
<status status="PASS" starttime="20231120 19:11:38.304" endtime="20231120 19:11:38.304"/>
</kw>
<kw name="Input" library="AppLibrary">
<arg>${password}</arg>
<status status="PASS" starttime="20231120 19:11:38.304" endtime="20231120 19:11:38.304"/>
</kw>
<kw name="Run Application" library="AppLibrary">
<status status="PASS" starttime="20231120 19:11:38.304" endtime="20231120 19:11:38.304"/>
</kw>
<status status="PASS" starttime="20231120 19:11:38.303" endtime="20231120 19:11:38.304"/>
</kw>
<kw name="Output Should Contain" library="AppLibrary">
<arg>Password must not have only letters</arg>
<status status="PASS" starttime="20231120 19:11:38.304" endtime="20231120 19:11:38.304"/>
</kw>
<status status="PASS" starttime="20231120 19:11:38.302" endtime="20231120 19:11:38.304"/>
</test>
<status status="PASS" starttime="20231120 19:11:38.288" endtime="20231120 19:11:38.305"/>
</suite>
<status status="PASS" starttime="20231120 19:11:38.259" endtime="20231120 19:11:38.305"/>
</suite>
<statistics>
<total>
<stat pass="9" fail="0" skip="0">All Tests</stat>
</total>
<tag>
</tag>
<suite>
<stat pass="9" fail="0" skip="0" id="s1" name="Tests">Tests</stat>
<stat pass="3" fail="0" skip="0" id="s1-s1" name="Login">Tests.Login</stat>
<stat pass="6" fail="0" skip="0" id="s1-s2" name="Register">Tests.Register</stat>
</suite>
</statistics>
<errors>
</errors>
</robot>
